Copyright 1986-2020 Xilinx, Inc. All Rights Reserved.
-----------------------------------------------------------------------------------------
| Tool Version : Vivado v.2020.1 (win64) Build 2902540 Wed May 27 19:54:49 MDT 2020
| Date         : Mon Apr 13 17:41:09 2026
| Host         : HU-DOPX-PWL05 running 64-bit major release  (build 9200)
| Command      : report_control_sets -verbose -file TopLevelFPGA_control_sets_placed.rpt
| Design       : TopLevelFPGA
| Device       : xc7a35t
-----------------------------------------------------------------------------------------

Control Set Information

Table of Contents
-----------------
1. Summary
2. Histogram
3. Flip-Flop Distribution
4. Detailed Control Set Information

1. Summary
----------

+----------------------------------------------------------+-------+
|                          Status                          | Count |
+----------------------------------------------------------+-------+
| Total control sets                                       |    35 |
|    Minimum number of control sets                        |    35 |
|    Addition due to synthesis replication                 |     0 |
|    Addition due to physical synthesis replication        |     0 |
| Unused register locations in slices containing registers |    12 |
+----------------------------------------------------------+-------+
* Control sets can be merged at opt_design using control_set_merge or merge_equivalent_drivers
** Run report_qor_suggestions for automated merging and remapping suggestions


2. Histogram
------------

+--------------------+-------+
|       Fanout       | Count |
+--------------------+-------+
| Total control sets |    35 |
| >= 0 to < 4        |     0 |
| >= 4 to < 6        |     0 |
| >= 6 to < 8        |     0 |
| >= 8 to < 10       |     0 |
| >= 10 to < 12      |     0 |
| >= 12 to < 14      |     0 |
| >= 14 to < 16      |     0 |
| >= 16              |    35 |
+--------------------+-------+
* Control sets can be remapped at either synth_design or opt_design


3. Flip-Flop Distribution
-------------------------

+--------------+-----------------------+------------------------+-----------------+--------------+
| Clock Enable | Synchronous Set/Reset | Asynchronous Set/Reset | Total Registers | Total Slices |
+--------------+-----------------------+------------------------+-----------------+--------------+
| No           | No                    | No                     |               0 |            0 |
| No           | No                    | Yes                    |              87 |           32 |
| No           | Yes                   | No                     |               0 |            0 |
| Yes          | No                    | No                     |               0 |            0 |
| Yes          | No                    | Yes                    |            1013 |          616 |
| Yes          | Yes                   | No                     |               0 |            0 |
+--------------+-----------------------+------------------------+-----------------+--------------+


4. Detailed Control Set Information
-----------------------------------

+-----------------------+-----------------------------------------+------------------+------------------+----------------+--------------+
|      Clock Signal     |              Enable Signal              | Set/Reset Signal | Slice Load Count | Bel Load Count | Bels / Slice |
+-----------------------+-----------------------------------------+------------------+------------------+----------------+--------------+
|  clk_100mhz_IBUF_BUFG |                                         | btnU_IBUF        |                6 |             21 |         3.50 |
|  clk_BUFG             | u_proc/u_PC/mem_reg_0_127_0_0_i_15_0[0] | btnU_IBUF        |               10 |             21 |         2.10 |
|  clk_BUFG             | u_proc/u_PC/E[0]                        | btnU_IBUF        |               18 |             32 |         1.78 |
|  clk_BUFG             | u_proc/u_PC/PC_reg[2]_15[0]             | btnU_IBUF        |               21 |             32 |         1.52 |
|  clk_BUFG             | u_proc/u_PC/PC_reg[2]_17[0]             | btnU_IBUF        |               19 |             32 |         1.68 |
|  clk_BUFG             | u_proc/u_PC/PC_reg[2]_18[0]             | btnU_IBUF        |               18 |             32 |         1.78 |
|  clk_BUFG             | u_proc/u_PC/PC_reg[2]_19[0]             | btnU_IBUF        |               20 |             32 |         1.60 |
|  clk_BUFG             | u_proc/u_PC/PC_reg[2]_14[0]             | btnU_IBUF        |               19 |             32 |         1.68 |
|  clk_BUFG             | u_proc/u_PC/PC_reg[2]_10[0]             | btnU_IBUF        |               19 |             32 |         1.68 |
|  clk_BUFG             | u_proc/u_PC/PC_reg[2]_20[0]             | btnU_IBUF        |               19 |             32 |         1.68 |
|  clk_BUFG             | u_proc/u_PC/PC_reg[2]_22[0]             | btnU_IBUF        |               21 |             32 |         1.52 |
|  clk_BUFG             | u_proc/u_PC/PC_reg[2]_23[0]             | btnU_IBUF        |               20 |             32 |         1.60 |
|  clk_BUFG             | u_proc/u_PC/PC_reg[2]_24[0]             | btnU_IBUF        |               18 |             32 |         1.78 |
|  clk_BUFG             | u_proc/u_PC/PC_reg[2]_25[0]             | btnU_IBUF        |               17 |             32 |         1.88 |
|  clk_BUFG             | u_proc/u_PC/PC_reg[2]_16[0]             | btnU_IBUF        |               20 |             32 |         1.60 |
|  clk_BUFG             | u_proc/u_PC/PC_reg[2]_21[0]             | btnU_IBUF        |               21 |             32 |         1.52 |
|  clk_BUFG             | u_proc/u_PC/PC_reg[2]_11[0]             | btnU_IBUF        |               21 |             32 |         1.52 |
|  clk_BUFG             | u_proc/u_PC/PC_reg[2]_12[0]             | btnU_IBUF        |               19 |             32 |         1.68 |
|  clk_BUFG             | u_proc/u_PC/PC_reg[2]_13[0]             | btnU_IBUF        |               22 |             32 |         1.45 |
|  clk_BUFG             | u_proc/u_PC/PC_reg[2]_27[0]             | btnU_IBUF        |               20 |             32 |         1.60 |
|  clk_BUFG             | u_proc/u_PC/PC_reg[2]_5[0]              | btnU_IBUF        |               19 |             32 |         1.68 |
|  clk_BUFG             | u_proc/u_PC/PC_reg[2]_4[0]              | btnU_IBUF        |               22 |             32 |         1.45 |
|  clk_BUFG             | u_proc/u_PC/PC_reg[2]_9[0]              | btnU_IBUF        |               19 |             32 |         1.68 |
|  clk_BUFG             | u_proc/u_PC/PC_reg[2]_28[0]             | btnU_IBUF        |               19 |             32 |         1.68 |
|  clk_BUFG             | u_proc/u_PC/PC_reg[2]_3[0]              | btnU_IBUF        |               19 |             32 |         1.68 |
|  clk_BUFG             | u_proc/u_PC/PC_reg[2]_30[0]             | btnU_IBUF        |               22 |             32 |         1.45 |
|  clk_BUFG             | u_proc/u_PC/PC_reg[2]_29[0]             | btnU_IBUF        |               16 |             32 |         2.00 |
|  clk_BUFG             | u_proc/u_PC/PC_reg[2]_26[0]             | btnU_IBUF        |               19 |             32 |         1.68 |
|  clk_BUFG             | u_proc/u_PC/PC_reg[2]_8[0]              | btnU_IBUF        |               21 |             32 |         1.52 |
|  clk_BUFG             | u_proc/u_PC/PC_reg[2]_6[0]              | btnU_IBUF        |               21 |             32 |         1.52 |
|  clk_BUFG             | u_proc/u_PC/PC_reg[2]_31[0]             | btnU_IBUF        |               18 |             32 |         1.78 |
|  clk_BUFG             | u_proc/u_PC/PC_reg[2]_7[0]              | btnU_IBUF        |               19 |             32 |         1.68 |
|  clk_BUFG             | u_proc/u_PC/PC_reg[2]_32[0]             | btnU_IBUF        |               20 |             32 |         1.60 |
|  clk_BUFG             | u_proc/u_PC/PC_reg[4]_0                 |                  |               16 |             64 |         4.00 |
|  clk_BUFG             |                                         | btnU_IBUF        |               26 |             66 |         2.54 |
+-----------------------+-----------------------------------------+------------------+------------------+----------------+--------------+


