Copyright 1986-2020 Xilinx, Inc. All Rights Reserved.
-----------------------------------------------------------------------------------------
| Tool Version : Vivado v.2020.1 (win64) Build 2902540 Wed May 27 19:54:49 MDT 2020
| Date         : Tue Apr 14 15:03:44 2026
| Host         : HU-DOPX-PWL05 running 64-bit major release  (build 9200)
| Command      : report_control_sets -verbose -file TopLevelFPGA_control_sets_placed.rpt
| Design       : TopLevelFPGA
| Device       : xc7a35t
-----------------------------------------------------------------------------------------

Control Set Information

Table of Contents
-----------------
1. Summary
2. Histogram
3. Flip-Flop Distribution
4. Detailed Control Set Information

1. Summary
----------

+----------------------------------------------------------+-------+
|                          Status                          | Count |
+----------------------------------------------------------+-------+
| Total control sets                                       |    15 |
|    Minimum number of control sets                        |    15 |
|    Addition due to synthesis replication                 |     0 |
|    Addition due to physical synthesis replication        |     0 |
| Unused register locations in slices containing registers |    10 |
+----------------------------------------------------------+-------+
* Control sets can be merged at opt_design using control_set_merge or merge_equivalent_drivers
** Run report_qor_suggestions for automated merging and remapping suggestions


2. Histogram
------------

+--------------------+-------+
|       Fanout       | Count |
+--------------------+-------+
| Total control sets |    15 |
| >= 0 to < 4        |     0 |
| >= 4 to < 6        |     1 |
| >= 6 to < 8        |     0 |
| >= 8 to < 10       |     0 |
| >= 10 to < 12      |     0 |
| >= 12 to < 14      |     0 |
| >= 14 to < 16      |     0 |
| >= 16              |    14 |
+--------------------+-------+
* Control sets can be remapped at either synth_design or opt_design


3. Flip-Flop Distribution
-------------------------

+--------------+-----------------------+------------------------+-----------------+--------------+
| Clock Enable | Synchronous Set/Reset | Asynchronous Set/Reset | Total Registers | Total Slices |
+--------------+-----------------------+------------------------+-----------------+--------------+
| No           | No                    | No                     |               0 |            0 |
| No           | No                    | Yes                    |              70 |           26 |
| No           | Yes                   | No                     |               0 |            0 |
| Yes          | No                    | No                     |               0 |            0 |
| Yes          | No                    | Yes                    |             368 |          221 |
| Yes          | Yes                   | No                     |               0 |            0 |
+--------------+-----------------------+------------------------+-----------------+--------------+


4. Detailed Control Set Information
-----------------------------------

+-----------------------+-----------------------------+------------------+------------------+----------------+--------------+
|      Clock Signal     |        Enable Signal        | Set/Reset Signal | Slice Load Count | Bel Load Count | Bels / Slice |
+-----------------------+-----------------------------+------------------+------------------+----------------+--------------+
|  clk_100mhz_IBUF_BUFG |                             | btnU_IBUF        |                1 |              4 |         4.00 |
|  proc_clk_BUFG        | u_proc/u_ALU/E[0]           | btnU_IBUF        |                5 |             16 |         3.20 |
|  proc_clk_BUFG        | u_proc/u_PC/E[0]            | btnU_IBUF        |               22 |             32 |         1.45 |
|  proc_clk_BUFG        | u_proc/u_PC/PC_reg[2]_1[0]  | btnU_IBUF        |               26 |             32 |         1.23 |
|  proc_clk_BUFG        | u_proc/u_PC/PC_reg[2]_6[0]  | btnU_IBUF        |               25 |             32 |         1.28 |
|  proc_clk_BUFG        | u_proc/u_PC/PC_reg[7]_6[0]  | btnU_IBUF        |               17 |             32 |         1.88 |
|  proc_clk_BUFG        | u_proc/u_PC/PC_reg[7]_11[0] | btnU_IBUF        |               16 |             32 |         2.00 |
|  proc_clk_BUFG        | u_proc/u_PC/PC_reg[7]_12[0] | btnU_IBUF        |               18 |             32 |         1.78 |
|  proc_clk_BUFG        | u_proc/u_PC/PC_reg[7]_10[0] | btnU_IBUF        |               22 |             32 |         1.45 |
|  proc_clk_BUFG        | u_proc/u_PC/PC_reg[7]_7[0]  | btnU_IBUF        |               21 |             32 |         1.52 |
|  proc_clk_BUFG        | u_proc/u_PC/PC_reg[7]_8[0]  | btnU_IBUF        |               21 |             32 |         1.52 |
|  proc_clk_BUFG        | u_proc/u_PC/PC_reg[7]_9[0]  | btnU_IBUF        |               13 |             32 |         2.46 |
|  proc_clk_BUFG        | u_proc/u_PC/PC_reg[7]_13[0] | btnU_IBUF        |               15 |             32 |         2.13 |
|  proc_clk_BUFG        | u_proc/u_PC/MemWrite0       |                  |               16 |             64 |         4.00 |
|  proc_clk_BUFG        |                             | btnU_IBUF        |               25 |             66 |         2.64 |
+-----------------------+-----------------------------+------------------+------------------+----------------+--------------+


