Copyright 1986-2020 Xilinx, Inc. All Rights Reserved.
-----------------------------------------------------------------------------------------
| Tool Version : Vivado v.2020.1 (win64) Build 2902540 Wed May 27 19:54:49 MDT 2020
| Date         : Thu Apr 30 11:11:33 2026
| Host         : DESKTOP-4B0VT85 running 64-bit major release  (build 9200)
| Command      : report_control_sets -verbose -file TopLevelFPGA_control_sets_placed.rpt
| Design       : TopLevelFPGA
| Device       : xc7a35t
-----------------------------------------------------------------------------------------

Control Set Information

Table of Contents
-----------------
1. Summary
2. Histogram
3. Flip-Flop Distribution
4. Detailed Control Set Information

1. Summary
----------

+----------------------------------------------------------+-------+
|                          Status                          | Count |
+----------------------------------------------------------+-------+
| Total control sets                                       |    14 |
|    Minimum number of control sets                        |    14 |
|    Addition due to synthesis replication                 |     0 |
|    Addition due to physical synthesis replication        |     0 |
| Unused register locations in slices containing registers |     6 |
+----------------------------------------------------------+-------+
* Control sets can be merged at opt_design using control_set_merge or merge_equivalent_drivers
** Run report_qor_suggestions for automated merging and remapping suggestions


2. Histogram
------------

+--------------------+-------+
|       Fanout       | Count |
+--------------------+-------+
| Total control sets |    14 |
| >= 0 to < 4        |     0 |
| >= 4 to < 6        |     0 |
| >= 6 to < 8        |     0 |
| >= 8 to < 10       |     0 |
| >= 10 to < 12      |     0 |
| >= 12 to < 14      |     0 |
| >= 14 to < 16      |     0 |
| >= 16              |    14 |
+--------------------+-------+
* Control sets can be remapped at either synth_design or opt_design


3. Flip-Flop Distribution
-------------------------

+--------------+-----------------------+------------------------+-----------------+--------------+
| Clock Enable | Synchronous Set/Reset | Asynchronous Set/Reset | Total Registers | Total Slices |
+--------------+-----------------------+------------------------+-----------------+--------------+
| No           | No                    | No                     |               0 |            0 |
| No           | No                    | Yes                    |              53 |           24 |
| No           | Yes                   | No                     |               0 |            0 |
| Yes          | No                    | No                     |               0 |            0 |
| Yes          | No                    | Yes                    |             373 |          221 |
| Yes          | Yes                   | No                     |               0 |            0 |
+--------------+-----------------------+------------------------+-----------------+--------------+


4. Detailed Control Set Information
-----------------------------------

+-----------------------+-----------------------------+------------------+------------------+----------------+--------------+
|      Clock Signal     |        Enable Signal        | Set/Reset Signal | Slice Load Count | Bel Load Count | Bels / Slice |
+-----------------------+-----------------------------+------------------+------------------+----------------+--------------+
|  clk_100mhz_IBUF_BUFG |                             | btnU_IBUF        |                6 |             21 |         3.50 |
|  proc_clk_BUFG        | u_proc/u_PC/E[0]            | btnU_IBUF        |               15 |             21 |         1.40 |
|  proc_clk_BUFG        |                             | btnU_IBUF        |               18 |             32 |         1.78 |
|  proc_clk_BUFG        | u_proc/u_PC/PC_reg[7]_13[0] | btnU_IBUF        |               19 |             32 |         1.68 |
|  proc_clk_BUFG        | u_proc/u_PC/PC_reg[7]_12[0] | btnU_IBUF        |               22 |             32 |         1.45 |
|  proc_clk_BUFG        | u_proc/u_PC/PC_reg[7]_15[0] | btnU_IBUF        |               19 |             32 |         1.68 |
|  proc_clk_BUFG        | u_proc/u_PC/PC_reg[7]_16[0] | btnU_IBUF        |               15 |             32 |         2.13 |
|  proc_clk_BUFG        | u_proc/u_PC/PC_reg[7]_14[0] | btnU_IBUF        |               16 |             32 |         2.00 |
|  proc_clk_BUFG        | u_proc/u_PC/PC_reg[7]_17[0] | btnU_IBUF        |               14 |             32 |         2.29 |
|  proc_clk_BUFG        | u_proc/u_PC/PC_reg[7]_18[0] | btnU_IBUF        |               21 |             32 |         1.52 |
|  proc_clk_BUFG        | u_proc/u_PC/PC_reg[7]_19[0] | btnU_IBUF        |               16 |             32 |         2.00 |
|  proc_clk_BUFG        | u_proc/u_PC/PC_reg[7]_20[0] | btnU_IBUF        |               25 |             32 |         1.28 |
|  proc_clk_BUFG        | u_proc/u_PC/PC_reg[7]_23[0] | btnU_IBUF        |               28 |             32 |         1.14 |
|  proc_clk_BUFG        | u_proc/u_PC/PC_reg[7]_24[0] | btnU_IBUF        |               11 |             32 |         2.91 |
+-----------------------+-----------------------------+------------------+------------------+----------------+--------------+


