Copyright 1986-2020 Xilinx, Inc. All Rights Reserved.
-----------------------------------------------------------------------------------------
| Tool Version : Vivado v.2020.1 (win64) Build 2902540 Wed May 27 19:54:49 MDT 2020
| Date         : Thu Apr 30 11:00:41 2026
| Host         : DESKTOP-4B0VT85 running 64-bit major release  (build 9200)
| Command      : report_control_sets -verbose -file TopLevelFPGA_control_sets_placed.rpt
| Design       : TopLevelFPGA
| Device       : xc7a35t
-----------------------------------------------------------------------------------------

Control Set Information

Table of Contents
-----------------
1. Summary
2. Histogram
3. Flip-Flop Distribution
4. Detailed Control Set Information

1. Summary
----------

+----------------------------------------------------------+-------+
|                          Status                          | Count |
+----------------------------------------------------------+-------+
| Total control sets                                       |    14 |
|    Minimum number of control sets                        |    14 |
|    Addition due to synthesis replication                 |     0 |
|    Addition due to physical synthesis replication        |     0 |
| Unused register locations in slices containing registers |    10 |
+----------------------------------------------------------+-------+
* Control sets can be merged at opt_design using control_set_merge or merge_equivalent_drivers
** Run report_qor_suggestions for automated merging and remapping suggestions


2. Histogram
------------

+--------------------+-------+
|       Fanout       | Count |
+--------------------+-------+
| Total control sets |    14 |
| >= 0 to < 4        |     0 |
| >= 4 to < 6        |     1 |
| >= 6 to < 8        |     0 |
| >= 8 to < 10       |     0 |
| >= 10 to < 12      |     0 |
| >= 12 to < 14      |     0 |
| >= 14 to < 16      |     0 |
| >= 16              |    13 |
+--------------------+-------+
* Control sets can be remapped at either synth_design or opt_design


3. Flip-Flop Distribution
-------------------------

+--------------+-----------------------+------------------------+-----------------+--------------+
| Clock Enable | Synchronous Set/Reset | Asynchronous Set/Reset | Total Registers | Total Slices |
+--------------+-----------------------+------------------------+-----------------+--------------+
| No           | No                    | No                     |               0 |            0 |
| No           | No                    | Yes                    |              70 |           25 |
| No           | Yes                   | No                     |               0 |            0 |
| Yes          | No                    | No                     |               0 |            0 |
| Yes          | No                    | Yes                    |             336 |          201 |
| Yes          | Yes                   | No                     |               0 |            0 |
+--------------+-----------------------+------------------------+-----------------+--------------+


4. Detailed Control Set Information
-----------------------------------

+-----------------------+-----------------------------+------------------+------------------+----------------+--------------+
|      Clock Signal     |        Enable Signal        | Set/Reset Signal | Slice Load Count | Bel Load Count | Bels / Slice |
+-----------------------+-----------------------------+------------------+------------------+----------------+--------------+
|  clk_100mhz_IBUF_BUFG |                             | btnU_IBUF        |                1 |              4 |         4.00 |
|  proc_clk_BUFG        | u_proc/u_PC/E[0]            | btnU_IBUF        |                9 |             16 |         1.78 |
|  proc_clk_BUFG        | u_proc/u_PC/PC_reg[3]_2[0]  | btnU_IBUF        |               13 |             32 |         2.46 |
|  proc_clk_BUFG        | u_proc/u_PC/PC_reg[3]_1[0]  | btnU_IBUF        |               17 |             32 |         1.88 |
|  proc_clk_BUFG        | u_proc/u_PC/PC_reg[3]_3[0]  | btnU_IBUF        |               18 |             32 |         1.78 |
|  proc_clk_BUFG        | u_proc/u_PC/PC_reg[7]_13[0] | btnU_IBUF        |               21 |             32 |         1.52 |
|  proc_clk_BUFG        | u_proc/u_PC/PC_reg[3]_6[0]  | btnU_IBUF        |               23 |             32 |         1.39 |
|  proc_clk_BUFG        | u_proc/u_PC/PC_reg[3]_4[0]  | btnU_IBUF        |               23 |             32 |         1.39 |
|  proc_clk_BUFG        | u_proc/u_PC/PC_reg[7]_14[0] | btnU_IBUF        |               17 |             32 |         1.88 |
|  proc_clk_BUFG        | u_proc/u_PC/PC_reg[3]_5[0]  | btnU_IBUF        |               25 |             32 |         1.28 |
|  proc_clk_BUFG        | u_proc/u_PC/PC_reg[7]_11[0] | btnU_IBUF        |               17 |             32 |         1.88 |
|  proc_clk_BUFG        | u_proc/u_PC/PC_reg[7]_12[0] | btnU_IBUF        |               18 |             32 |         1.78 |
|  proc_clk_BUFG        | u_proc/u_PC/MemWrite0       |                  |               16 |             64 |         4.00 |
|  proc_clk_BUFG        |                             | btnU_IBUF        |               24 |             66 |         2.75 |
+-----------------------+-----------------------------+------------------+------------------+----------------+--------------+


