Copyright 1986-2020 Xilinx, Inc. All Rights Reserved.
-----------------------------------------------------------------------------------------------------------------------------------------------------------------------------------------------------------
| Tool Version : Vivado v.2020.1 (win64) Build 2902540 Wed May 27 19:54:49 MDT 2020
| Date         : Thu Apr 30 11:00:56 2026
| Host         : DESKTOP-4B0VT85 running 64-bit major release  (build 9200)
| Command      : report_timing_summary -max_paths 10 -file TopLevelFPGA_timing_summary_routed.rpt -pb TopLevelFPGA_timing_summary_routed.pb -rpx TopLevelFPGA_timing_summary_routed.rpx -warn_on_violation
| Design       : TopLevelFPGA
| Device       : 7a35t-cpg236
| Speed File   : -1  PRODUCTION 1.23 2018-06-13
-----------------------------------------------------------------------------------------------------------------------------------------------------------------------------------------------------------

Timing Summary Report

------------------------------------------------------------------------------------------------
| Timer Settings
| --------------
------------------------------------------------------------------------------------------------

  Enable Multi Corner Analysis               :  Yes
  Enable Pessimism Removal                   :  Yes
  Pessimism Removal Resolution               :  Nearest Common Node
  Enable Input Delay Default Clock           :  No
  Enable Preset / Clear Arcs                 :  No
  Disable Flight Delays                      :  No
  Ignore I/O Paths                           :  No
  Timing Early Launch at Borrowing Latches   :  No
  Borrow Time for Max Delay Exceptions       :  Yes
  Merge Timing Exceptions                    :  Yes

  Corner  Analyze    Analyze    
  Name    Max Paths  Min Paths  
  ------  ---------  ---------  
  Slow    Yes        Yes        
  Fast    Yes        Yes        



check_timing report

Table of Contents
-----------------
1. checking no_clock (466)
2. checking constant_clock (0)
3. checking pulse_width_clock (0)
4. checking unconstrained_internal_endpoints (1716)
5. checking no_input_delay (18)
6. checking no_output_delay (16)
7. checking multiple_clock (0)
8. checking generated_clocks (0)
9. checking loops (0)
10. checking partial_input_delay (0)
11. checking partial_output_delay (0)
12. checking latch_loops (0)

1. checking no_clock (466)
--------------------------
 There are 466 register/latch pins with no clock driven by root clock pin: u_clkdiv/clk_out_reg/Q (HIGH)


2. checking constant_clock (0)
------------------------------
 There are 0 register/latch pins with constant_clock.


3. checking pulse_width_clock (0)
---------------------------------
 There are 0 register/latch pins which need pulse_width check


4. checking unconstrained_internal_endpoints (1716)
---------------------------------------------------
 There are 1716 pins that are not constrained for maximum delay. (HIGH)

 There are 0 pins that are not constrained for maximum delay due to constant clock.


5. checking no_input_delay (18)
-------------------------------
 There are 18 input ports with no input delay specified. (HIGH)

 There are 0 input ports with no input delay but user has a false path constraint.


6. checking no_output_delay (16)
--------------------------------
 There are 16 ports with no output delay specified. (HIGH)

 There are 0 ports with no output delay but user has a false path constraint

 There are 0 ports with no output delay but with a timing clock defined on it or propagating through it


7. checking multiple_clock (0)
------------------------------
 There are 0 register/latch pins with multiple clocks.


8. checking generated_clocks (0)
--------------------------------
 There are 0 generated clocks that are not connected to a clock source.


9. checking loops (0)
---------------------
 There are 0 combinational loops in the design.


10. checking partial_input_delay (0)
------------------------------------
 There are 0 input ports with partial input delay specified.


11. checking partial_output_delay (0)
-------------------------------------
 There are 0 ports with partial output delay specified.


12. checking latch_loops (0)
----------------------------
 There are 0 combinational latch loops in the design through latch input



------------------------------------------------------------------------------------------------
| Design Timing Summary
| ---------------------
------------------------------------------------------------------------------------------------

    WNS(ns)      TNS(ns)  TNS Failing Endpoints  TNS Total Endpoints      WHS(ns)      THS(ns)  THS Failing Endpoints  THS Total Endpoints     WPWS(ns)     TPWS(ns)  TPWS Failing Endpoints  TPWS Total Endpoints  
    -------      -------  ---------------------  -------------------      -------      -------  ---------------------  -------------------     --------     --------  ----------------------  --------------------  
      8.375        0.000                      0                    4        0.295        0.000                      0                    4        4.500        0.000                       0                     5  


All user specified timing constraints are met.


------------------------------------------------------------------------------------------------
| Clock Summary
| -------------
------------------------------------------------------------------------------------------------

Clock        Waveform(ns)       Period(ns)      Frequency(MHz)
-----        ------------       ----------      --------------
sys_clk_pin  {0.000 5.000}      10.000          100.000         


------------------------------------------------------------------------------------------------
| Intra Clock Table
| -----------------
------------------------------------------------------------------------------------------------

Clock             WNS(ns)      TNS(ns)  TNS Failing Endpoints  TNS Total Endpoints      WHS(ns)      THS(ns)  THS Failing Endpoints  THS Total Endpoints     WPWS(ns)     TPWS(ns)  TPWS Failing Endpoints  TPWS Total Endpoints  
-----             -------      -------  ---------------------  -------------------      -------      -------  ---------------------  -------------------     --------     --------  ----------------------  --------------------  
sys_clk_pin         8.375        0.000                      0                    4        0.295        0.000                      0                    4        4.500        0.000                       0                     5  


------------------------------------------------------------------------------------------------
| Inter Clock Table
| -----------------
------------------------------------------------------------------------------------------------

From Clock    To Clock          WNS(ns)      TNS(ns)  TNS Failing Endpoints  TNS Total Endpoints      WHS(ns)      THS(ns)  THS Failing Endpoints  THS Total Endpoints  
----------    --------          -------      -------  ---------------------  -------------------      -------      -------  ---------------------  -------------------  


------------------------------------------------------------------------------------------------
| Other Path Groups Table
| -----------------------
------------------------------------------------------------------------------------------------

Path Group    From Clock    To Clock          WNS(ns)      TNS(ns)  TNS Failing Endpoints  TNS Total Endpoints      WHS(ns)      THS(ns)  THS Failing Endpoints  THS Total Endpoints  
----------    ----------    --------          -------      -------  ---------------------  -------------------      -------      -------  ---------------------  -------------------  


------------------------------------------------------------------------------------------------
| Timing Details
| --------------
------------------------------------------------------------------------------------------------


---------------------------------------------------------------------------------------------------
From Clock:  sys_clk_pin
  To Clock:  sys_clk_pin

Setup :            0  Failing Endpoints,  Worst Slack        8.375ns,  Total Violation        0.000ns
Hold  :            0  Failing Endpoints,  Worst Slack        0.295ns,  Total Violation        0.000ns
PW    :            0  Failing Endpoints,  Worst Slack        4.500ns,  Total Violation        0.000ns
---------------------------------------------------------------------------------------------------


Max Delay Paths
--------------------------------------------------------------------------------------
Slack (MET) :             8.375ns  (required time - arrival time)
  Source:                 u_clkdiv/clk_out_reg/C
                            (rising edge-triggered cell FDCE clocked by sys_clk_pin  {rise@0.000ns fall@5.000ns period=10.000ns})
  Destination:            u_clkdiv/clk_out_reg/D
                            (rising edge-triggered cell FDCE clocked by sys_clk_pin  {rise@0.000ns fall@5.000ns period=10.000ns})
  Path Group:             sys_clk_pin
  Path Type:              Setup (Max at Slow Process Corner)
  Requirement:            10.000ns  (sys_clk_pin rise@10.000ns - sys_clk_pin rise@0.000ns)
  Data Path Delay:        1.619ns  (logic 0.580ns (35.829%)  route 1.039ns (64.171%))
  Logic Levels:           1  (LUT4=1)
  Clock Path Skew:        0.000ns (DCD - SCD + CPR)
    Destination Clock Delay (DCD):    4.786ns = ( 14.786 - 10.000 ) 
    Source Clock Delay      (SCD):    5.086ns
    Clock Pessimism Removal (CPR):    0.300ns
  Clock Uncertainty:      0.035ns  ((TSJ^2 + TIJ^2)^1/2 + DJ) / 2 + PE
    Total System Jitter     (TSJ):    0.071ns
    Total Input Jitter      (TIJ):    0.000ns
    Discrete Jitter          (DJ):    0.000ns
    Phase Error              (PE):    0.000ns

    Location             Delay type                Incr(ns)  Path(ns)    Netlist Resource(s)
  -------------------------------------------------------------------    -------------------
                         (clock sys_clk_pin rise edge)
                                                      0.000     0.000 r  
    W5                                                0.000     0.000 r  clk_100mhz (IN)
                         net (fo=0)                   0.000     0.000    clk_100mhz
    W5                   IBUF (Prop_ibuf_I_O)         1.458     1.458 r  clk_100mhz_IBUF_inst/O
                         net (fo=1, routed)           1.967     3.425    clk_100mhz_IBUF
    BUFGCTRL_X0Y1        BUFG (Prop_bufg_I_O)         0.096     3.521 r  clk_100mhz_IBUF_BUFG_inst/O
                         net (fo=4, routed)           1.565     5.086    u_clkdiv/CLK
    SLICE_X36Y46         FDCE                                         r  u_clkdiv/clk_out_reg/C
  -------------------------------------------------------------------    -------------------
    SLICE_X36Y46         FDCE (Prop_fdce_C_Q)         0.456     5.542 r  u_clkdiv/clk_out_reg/Q
                         net (fo=2, routed)           1.039     6.581    u_clkdiv/proc_clk
    SLICE_X36Y46         LUT4 (Prop_lut4_I3_O)        0.124     6.705 r  u_clkdiv/clk_out_i_1/O
                         net (fo=1, routed)           0.000     6.705    u_clkdiv/clk_out_i_1_n_0
    SLICE_X36Y46         FDCE                                         r  u_clkdiv/clk_out_reg/D
  -------------------------------------------------------------------    -------------------

                         (clock sys_clk_pin rise edge)
                                                     10.000    10.000 r  
    W5                                                0.000    10.000 r  clk_100mhz (IN)
                         net (fo=0)                   0.000    10.000    clk_100mhz
    W5                   IBUF (Prop_ibuf_I_O)         1.388    11.388 r  clk_100mhz_IBUF_inst/O
                         net (fo=1, routed)           1.862    13.250    clk_100mhz_IBUF
    BUFGCTRL_X0Y1        BUFG (Prop_bufg_I_O)         0.091    13.341 r  clk_100mhz_IBUF_BUFG_inst/O
                         net (fo=4, routed)           1.445    14.786    u_clkdiv/CLK
    SLICE_X36Y46         FDCE                                         r  u_clkdiv/clk_out_reg/C
                         clock pessimism              0.300    15.086    
                         clock uncertainty           -0.035    15.051    
    SLICE_X36Y46         FDCE (Setup_fdce_C_D)        0.029    15.080    u_clkdiv/clk_out_reg
  -------------------------------------------------------------------
                         required time                         15.080    
                         arrival time                          -6.705    
  -------------------------------------------------------------------
                         slack                                  8.375    

Slack (MET) :             8.600ns  (required time - arrival time)
  Source:                 u_clkdiv/counter_reg[2]/C
                            (rising edge-triggered cell FDCE clocked by sys_clk_pin  {rise@0.000ns fall@5.000ns period=10.000ns})
  Destination:            u_clkdiv/counter_reg[0]/D
                            (rising edge-triggered cell FDCE clocked by sys_clk_pin  {rise@0.000ns fall@5.000ns period=10.000ns})
  Path Group:             sys_clk_pin
  Path Type:              Setup (Max at Slow Process Corner)
  Requirement:            10.000ns  (sys_clk_pin rise@10.000ns - sys_clk_pin rise@0.000ns)
  Data Path Delay:        1.440ns  (logic 0.743ns (51.602%)  route 0.697ns (48.398%))
  Logic Levels:           1  (LUT3=1)
  Clock Path Skew:        0.000ns (DCD - SCD + CPR)
    Destination Clock Delay (DCD):    4.786ns = ( 14.786 - 10.000 ) 
    Source Clock Delay      (SCD):    5.086ns
    Clock Pessimism Removal (CPR):    0.300ns
  Clock Uncertainty:      0.035ns  ((TSJ^2 + TIJ^2)^1/2 + DJ) / 2 + PE
    Total System Jitter     (TSJ):    0.071ns
    Total Input Jitter      (TIJ):    0.000ns
    Discrete Jitter          (DJ):    0.000ns
    Phase Error              (PE):    0.000ns

    Location             Delay type                Incr(ns)  Path(ns)    Netlist Resource(s)
  -------------------------------------------------------------------    -------------------
                         (clock sys_clk_pin rise edge)
                                                      0.000     0.000 r  
    W5                                                0.000     0.000 r  clk_100mhz (IN)
                         net (fo=0)                   0.000     0.000    clk_100mhz
    W5                   IBUF (Prop_ibuf_I_O)         1.458     1.458 r  clk_100mhz_IBUF_inst/O
                         net (fo=1, routed)           1.967     3.425    clk_100mhz_IBUF
    BUFGCTRL_X0Y1        BUFG (Prop_bufg_I_O)         0.096     3.521 r  clk_100mhz_IBUF_BUFG_inst/O
                         net (fo=4, routed)           1.565     5.086    u_clkdiv/CLK
    SLICE_X36Y46         FDCE                                         r  u_clkdiv/counter_reg[2]/C
  -------------------------------------------------------------------    -------------------
    SLICE_X36Y46         FDCE (Prop_fdce_C_Q)         0.419     5.505 f  u_clkdiv/counter_reg[2]/Q
                         net (fo=3, routed)           0.697     6.202    u_clkdiv/counter[2]
    SLICE_X36Y46         LUT3 (Prop_lut3_I1_O)        0.324     6.526 r  u_clkdiv/counter[0]_i_1/O
                         net (fo=1, routed)           0.000     6.526    u_clkdiv/counter[0]_i_1_n_0
    SLICE_X36Y46         FDCE                                         r  u_clkdiv/counter_reg[0]/D
  -------------------------------------------------------------------    -------------------

                         (clock sys_clk_pin rise edge)
                                                     10.000    10.000 r  
    W5                                                0.000    10.000 r  clk_100mhz (IN)
                         net (fo=0)                   0.000    10.000    clk_100mhz
    W5                   IBUF (Prop_ibuf_I_O)         1.388    11.388 r  clk_100mhz_IBUF_inst/O
                         net (fo=1, routed)           1.862    13.250    clk_100mhz_IBUF
    BUFGCTRL_X0Y1        BUFG (Prop_bufg_I_O)         0.091    13.341 r  clk_100mhz_IBUF_BUFG_inst/O
                         net (fo=4, routed)           1.445    14.786    u_clkdiv/CLK
    SLICE_X36Y46         FDCE                                         r  u_clkdiv/counter_reg[0]/C
                         clock pessimism              0.300    15.086    
                         clock uncertainty           -0.035    15.051    
    SLICE_X36Y46         FDCE (Setup_fdce_C_D)        0.075    15.126    u_clkdiv/counter_reg[0]
  -------------------------------------------------------------------
                         required time                         15.126    
                         arrival time                          -6.526    
  -------------------------------------------------------------------
                         slack                                  8.600    

Slack (MET) :             8.607ns  (required time - arrival time)
  Source:                 u_clkdiv/counter_reg[2]/C
                            (rising edge-triggered cell FDCE clocked by sys_clk_pin  {rise@0.000ns fall@5.000ns period=10.000ns})
  Destination:            u_clkdiv/counter_reg[2]/D
                            (rising edge-triggered cell FDCE clocked by sys_clk_pin  {rise@0.000ns fall@5.000ns period=10.000ns})
  Path Group:             sys_clk_pin
  Path Type:              Setup (Max at Slow Process Corner)
  Requirement:            10.000ns  (sys_clk_pin rise@10.000ns - sys_clk_pin rise@0.000ns)
  Data Path Delay:        1.433ns  (logic 0.743ns (51.863%)  route 0.690ns (48.137%))
  Logic Levels:           1  (LUT3=1)
  Clock Path Skew:        0.000ns (DCD - SCD + CPR)
    Destination Clock Delay (DCD):    4.786ns = ( 14.786 - 10.000 ) 
    Source Clock Delay      (SCD):    5.086ns
    Clock Pessimism Removal (CPR):    0.300ns
  Clock Uncertainty:      0.035ns  ((TSJ^2 + TIJ^2)^1/2 + DJ) / 2 + PE
    Total System Jitter     (TSJ):    0.071ns
    Total Input Jitter      (TIJ):    0.000ns
    Discrete Jitter          (DJ):    0.000ns
    Phase Error              (PE):    0.000ns

    Location             Delay type                Incr(ns)  Path(ns)    Netlist Resource(s)
  -------------------------------------------------------------------    -------------------
                         (clock sys_clk_pin rise edge)
                                                      0.000     0.000 r  
    W5                                                0.000     0.000 r  clk_100mhz (IN)
                         net (fo=0)                   0.000     0.000    clk_100mhz
    W5                   IBUF (Prop_ibuf_I_O)         1.458     1.458 r  clk_100mhz_IBUF_inst/O
                         net (fo=1, routed)           1.967     3.425    clk_100mhz_IBUF
    BUFGCTRL_X0Y1        BUFG (Prop_bufg_I_O)         0.096     3.521 r  clk_100mhz_IBUF_BUFG_inst/O
                         net (fo=4, routed)           1.565     5.086    u_clkdiv/CLK
    SLICE_X36Y46         FDCE                                         r  u_clkdiv/counter_reg[2]/C
  -------------------------------------------------------------------    -------------------
    SLICE_X36Y46         FDCE (Prop_fdce_C_Q)         0.419     5.505 r  u_clkdiv/counter_reg[2]/Q
                         net (fo=3, routed)           0.690     6.195    u_clkdiv/counter[2]
    SLICE_X36Y46         LUT3 (Prop_lut3_I2_O)        0.324     6.519 r  u_clkdiv/counter[2]_i_1/O
                         net (fo=1, routed)           0.000     6.519    u_clkdiv/counter[2]_i_1_n_0
    SLICE_X36Y46         FDCE                                         r  u_clkdiv/counter_reg[2]/D
  -------------------------------------------------------------------    -------------------

                         (clock sys_clk_pin rise edge)
                                                     10.000    10.000 r  
    W5                                                0.000    10.000 r  clk_100mhz (IN)
                         net (fo=0)                   0.000    10.000    clk_100mhz
    W5                   IBUF (Prop_ibuf_I_O)         1.388    11.388 r  clk_100mhz_IBUF_inst/O
                         net (fo=1, routed)           1.862    13.250    clk_100mhz_IBUF
    BUFGCTRL_X0Y1        BUFG (Prop_bufg_I_O)         0.091    13.341 r  clk_100mhz_IBUF_BUFG_inst/O
                         net (fo=4, routed)           1.445    14.786    u_clkdiv/CLK
    SLICE_X36Y46         FDCE                                         r  u_clkdiv/counter_reg[2]/C
                         clock pessimism              0.300    15.086    
                         clock uncertainty           -0.035    15.051    
    SLICE_X36Y46         FDCE (Setup_fdce_C_D)        0.075    15.126    u_clkdiv/counter_reg[2]
  -------------------------------------------------------------------
                         required time                         15.126    
                         arrival time                          -6.519    
  -------------------------------------------------------------------
                         slack                                  8.607    

Slack (MET) :             8.744ns  (required time - arrival time)
  Source:                 u_clkdiv/counter_reg[1]/C
                            (rising edge-triggered cell FDCE clocked by sys_clk_pin  {rise@0.000ns fall@5.000ns period=10.000ns})
  Destination:            u_clkdiv/counter_reg[1]/D
                            (rising edge-triggered cell FDCE clocked by sys_clk_pin  {rise@0.000ns fall@5.000ns period=10.000ns})
  Path Group:             sys_clk_pin
  Path Type:              Setup (Max at Slow Process Corner)
  Requirement:            10.000ns  (sys_clk_pin rise@10.000ns - sys_clk_pin rise@0.000ns)
  Data Path Delay:        1.252ns  (logic 0.580ns (46.336%)  route 0.672ns (53.664%))
  Logic Levels:           1  (LUT2=1)
  Clock Path Skew:        0.000ns (DCD - SCD + CPR)
    Destination Clock Delay (DCD):    4.786ns = ( 14.786 - 10.000 ) 
    Source Clock Delay      (SCD):    5.086ns
    Clock Pessimism Removal (CPR):    0.300ns
  Clock Uncertainty:      0.035ns  ((TSJ^2 + TIJ^2)^1/2 + DJ) / 2 + PE
    Total System Jitter     (TSJ):    0.071ns
    Total Input Jitter      (TIJ):    0.000ns
    Discrete Jitter          (DJ):    0.000ns
    Phase Error              (PE):    0.000ns

    Location             Delay type                Incr(ns)  Path(ns)    Netlist Resource(s)
  -------------------------------------------------------------------    -------------------
                         (clock sys_clk_pin rise edge)
                                                      0.000     0.000 r  
    W5                                                0.000     0.000 r  clk_100mhz (IN)
                         net (fo=0)                   0.000     0.000    clk_100mhz
    W5                   IBUF (Prop_ibuf_I_O)         1.458     1.458 r  clk_100mhz_IBUF_inst/O
                         net (fo=1, routed)           1.967     3.425    clk_100mhz_IBUF
    BUFGCTRL_X0Y1        BUFG (Prop_bufg_I_O)         0.096     3.521 r  clk_100mhz_IBUF_BUFG_inst/O
                         net (fo=4, routed)           1.565     5.086    u_clkdiv/CLK
    SLICE_X36Y46         FDCE                                         r  u_clkdiv/counter_reg[1]/C
  -------------------------------------------------------------------    -------------------
    SLICE_X36Y46         FDCE (Prop_fdce_C_Q)         0.456     5.542 r  u_clkdiv/counter_reg[1]/Q
                         net (fo=4, routed)           0.672     6.214    u_clkdiv/counter[1]
    SLICE_X36Y46         LUT2 (Prop_lut2_I0_O)        0.124     6.338 r  u_clkdiv/counter[1]_i_1/O
                         net (fo=1, routed)           0.000     6.338    u_clkdiv/counter[1]_i_1_n_0
    SLICE_X36Y46         FDCE                                         r  u_clkdiv/counter_reg[1]/D
  -------------------------------------------------------------------    -------------------

                         (clock sys_clk_pin rise edge)
                                                     10.000    10.000 r  
    W5                                                0.000    10.000 r  clk_100mhz (IN)
                         net (fo=0)                   0.000    10.000    clk_100mhz
    W5                   IBUF (Prop_ibuf_I_O)         1.388    11.388 r  clk_100mhz_IBUF_inst/O
                         net (fo=1, routed)           1.862    13.250    clk_100mhz_IBUF
    BUFGCTRL_X0Y1        BUFG (Prop_bufg_I_O)         0.091    13.341 r  clk_100mhz_IBUF_BUFG_inst/O
                         net (fo=4, routed)           1.445    14.786    u_clkdiv/CLK
    SLICE_X36Y46         FDCE                                         r  u_clkdiv/counter_reg[1]/C
                         clock pessimism              0.300    15.086    
                         clock uncertainty           -0.035    15.051    
    SLICE_X36Y46         FDCE (Setup_fdce_C_D)        0.031    15.082    u_clkdiv/counter_reg[1]
  -------------------------------------------------------------------
                         required time                         15.082    
                         arrival time                          -6.338    
  -------------------------------------------------------------------
                         slack                                  8.744    





Min Delay Paths
--------------------------------------------------------------------------------------
Slack (MET) :             0.295ns  (arrival time - required time)
  Source:                 u_clkdiv/counter_reg[0]/C
                            (rising edge-triggered cell FDCE clocked by sys_clk_pin  {rise@0.000ns fall@5.000ns period=10.000ns})
  Destination:            u_clkdiv/counter_reg[0]/D
                            (rising edge-triggered cell FDCE clocked by sys_clk_pin  {rise@0.000ns fall@5.000ns period=10.000ns})
  Path Group:             sys_clk_pin
  Path Type:              Hold (Min at Fast Process Corner)
  Requirement:            0.000ns  (sys_clk_pin rise@0.000ns - sys_clk_pin rise@0.000ns)
  Data Path Delay:        0.402ns  (logic 0.230ns (57.233%)  route 0.172ns (42.767%))
  Logic Levels:           1  (LUT3=1)
  Clock Path Skew:        0.000ns (DCD - SCD - CPR)
    Destination Clock Delay (DCD):    1.959ns
    Source Clock Delay      (SCD):    1.446ns
    Clock Pessimism Removal (CPR):    0.513ns

    Location             Delay type                Incr(ns)  Path(ns)    Netlist Resource(s)
  -------------------------------------------------------------------    -------------------
                         (clock sys_clk_pin rise edge)
                                                      0.000     0.000 r  
    W5                                                0.000     0.000 r  clk_100mhz (IN)
                         net (fo=0)                   0.000     0.000    clk_100mhz
    W5                   IBUF (Prop_ibuf_I_O)         0.226     0.226 r  clk_100mhz_IBUF_inst/O
                         net (fo=1, routed)           0.631     0.858    clk_100mhz_IBUF
    BUFGCTRL_X0Y1        BUFG (Prop_bufg_I_O)         0.026     0.884 r  clk_100mhz_IBUF_BUFG_inst/O
                         net (fo=4, routed)           0.563     1.446    u_clkdiv/CLK
    SLICE_X36Y46         FDCE                                         r  u_clkdiv/counter_reg[0]/C
  -------------------------------------------------------------------    -------------------
    SLICE_X36Y46         FDCE (Prop_fdce_C_Q)         0.128     1.574 f  u_clkdiv/counter_reg[0]/Q
                         net (fo=4, routed)           0.172     1.746    u_clkdiv/counter[0]
    SLICE_X36Y46         LUT3 (Prop_lut3_I2_O)        0.102     1.848 r  u_clkdiv/counter[0]_i_1/O
                         net (fo=1, routed)           0.000     1.848    u_clkdiv/counter[0]_i_1_n_0
    SLICE_X36Y46         FDCE                                         r  u_clkdiv/counter_reg[0]/D
  -------------------------------------------------------------------    -------------------

                         (clock sys_clk_pin rise edge)
                                                      0.000     0.000 r  
    W5                                                0.000     0.000 r  clk_100mhz (IN)
                         net (fo=0)                   0.000     0.000    clk_100mhz
    W5                   IBUF (Prop_ibuf_I_O)         0.414     0.414 r  clk_100mhz_IBUF_inst/O
                         net (fo=1, routed)           0.685     1.099    clk_100mhz_IBUF
    BUFGCTRL_X0Y1        BUFG (Prop_bufg_I_O)         0.029     1.128 r  clk_100mhz_IBUF_BUFG_inst/O
                         net (fo=4, routed)           0.832     1.959    u_clkdiv/CLK
    SLICE_X36Y46         FDCE                                         r  u_clkdiv/counter_reg[0]/C
                         clock pessimism             -0.513     1.446    
    SLICE_X36Y46         FDCE (Hold_fdce_C_D)         0.107     1.553    u_clkdiv/counter_reg[0]
  -------------------------------------------------------------------
                         required time                         -1.553    
                         arrival time                           1.848    
  -------------------------------------------------------------------
                         slack                                  0.295    

Slack (MET) :             0.297ns  (arrival time - required time)
  Source:                 u_clkdiv/counter_reg[0]/C
                            (rising edge-triggered cell FDCE clocked by sys_clk_pin  {rise@0.000ns fall@5.000ns period=10.000ns})
  Destination:            u_clkdiv/counter_reg[2]/D
                            (rising edge-triggered cell FDCE clocked by sys_clk_pin  {rise@0.000ns fall@5.000ns period=10.000ns})
  Path Group:             sys_clk_pin
  Path Type:              Hold (Min at Fast Process Corner)
  Requirement:            0.000ns  (sys_clk_pin rise@0.000ns - sys_clk_pin rise@0.000ns)
  Data Path Delay:        0.404ns  (logic 0.231ns (57.197%)  route 0.173ns (42.803%))
  Logic Levels:           1  (LUT3=1)
  Clock Path Skew:        0.000ns (DCD - SCD - CPR)
    Destination Clock Delay (DCD):    1.959ns
    Source Clock Delay      (SCD):    1.446ns
    Clock Pessimism Removal (CPR):    0.513ns

    Location             Delay type                Incr(ns)  Path(ns)    Netlist Resource(s)
  -------------------------------------------------------------------    -------------------
                         (clock sys_clk_pin rise edge)
                                                      0.000     0.000 r  
    W5                                                0.000     0.000 r  clk_100mhz (IN)
                         net (fo=0)                   0.000     0.000    clk_100mhz
    W5                   IBUF (Prop_ibuf_I_O)         0.226     0.226 r  clk_100mhz_IBUF_inst/O
                         net (fo=1, routed)           0.631     0.858    clk_100mhz_IBUF
    BUFGCTRL_X0Y1        BUFG (Prop_bufg_I_O)         0.026     0.884 r  clk_100mhz_IBUF_BUFG_inst/O
                         net (fo=4, routed)           0.563     1.446    u_clkdiv/CLK
    SLICE_X36Y46         FDCE                                         r  u_clkdiv/counter_reg[0]/C
  -------------------------------------------------------------------    -------------------
    SLICE_X36Y46         FDCE (Prop_fdce_C_Q)         0.128     1.574 r  u_clkdiv/counter_reg[0]/Q
                         net (fo=4, routed)           0.173     1.747    u_clkdiv/counter[0]
    SLICE_X36Y46         LUT3 (Prop_lut3_I1_O)        0.103     1.850 r  u_clkdiv/counter[2]_i_1/O
                         net (fo=1, routed)           0.000     1.850    u_clkdiv/counter[2]_i_1_n_0
    SLICE_X36Y46         FDCE                                         r  u_clkdiv/counter_reg[2]/D
  -------------------------------------------------------------------    -------------------

                         (clock sys_clk_pin rise edge)
                                                      0.000     0.000 r  
    W5                                                0.000     0.000 r  clk_100mhz (IN)
                         net (fo=0)                   0.000     0.000    clk_100mhz
    W5                   IBUF (Prop_ibuf_I_O)         0.414     0.414 r  clk_100mhz_IBUF_inst/O
                         net (fo=1, routed)           0.685     1.099    clk_100mhz_IBUF
    BUFGCTRL_X0Y1        BUFG (Prop_bufg_I_O)         0.029     1.128 r  clk_100mhz_IBUF_BUFG_inst/O
                         net (fo=4, routed)           0.832     1.959    u_clkdiv/CLK
    SLICE_X36Y46         FDCE                                         r  u_clkdiv/counter_reg[2]/C
                         clock pessimism             -0.513     1.446    
    SLICE_X36Y46         FDCE (Hold_fdce_C_D)         0.107     1.553    u_clkdiv/counter_reg[2]
  -------------------------------------------------------------------
                         required time                         -1.553    
                         arrival time                           1.850    
  -------------------------------------------------------------------
                         slack                                  0.297    

Slack (MET) :             0.308ns  (arrival time - required time)
  Source:                 u_clkdiv/counter_reg[0]/C
                            (rising edge-triggered cell FDCE clocked by sys_clk_pin  {rise@0.000ns fall@5.000ns period=10.000ns})
  Destination:            u_clkdiv/clk_out_reg/D
                            (rising edge-triggered cell FDCE clocked by sys_clk_pin  {rise@0.000ns fall@5.000ns period=10.000ns})
  Path Group:             sys_clk_pin
  Path Type:              Hold (Min at Fast Process Corner)
  Requirement:            0.000ns  (sys_clk_pin rise@0.000ns - sys_clk_pin rise@0.000ns)
  Data Path Delay:        0.399ns  (logic 0.227ns (56.911%)  route 0.172ns (43.089%))
  Logic Levels:           1  (LUT4=1)
  Clock Path Skew:        0.000ns (DCD - SCD - CPR)
    Destination Clock Delay (DCD):    1.959ns
    Source Clock Delay      (SCD):    1.446ns
    Clock Pessimism Removal (CPR):    0.513ns

    Location             Delay type                Incr(ns)  Path(ns)    Netlist Resource(s)
  -------------------------------------------------------------------    -------------------
                         (clock sys_clk_pin rise edge)
                                                      0.000     0.000 r  
    W5                                                0.000     0.000 r  clk_100mhz (IN)
                         net (fo=0)                   0.000     0.000    clk_100mhz
    W5                   IBUF (Prop_ibuf_I_O)         0.226     0.226 r  clk_100mhz_IBUF_inst/O
                         net (fo=1, routed)           0.631     0.858    clk_100mhz_IBUF
    BUFGCTRL_X0Y1        BUFG (Prop_bufg_I_O)         0.026     0.884 r  clk_100mhz_IBUF_BUFG_inst/O
                         net (fo=4, routed)           0.563     1.446    u_clkdiv/CLK
    SLICE_X36Y46         FDCE                                         r  u_clkdiv/counter_reg[0]/C
  -------------------------------------------------------------------    -------------------
    SLICE_X36Y46         FDCE (Prop_fdce_C_Q)         0.128     1.574 r  u_clkdiv/counter_reg[0]/Q
                         net (fo=4, routed)           0.172     1.746    u_clkdiv/counter[0]
    SLICE_X36Y46         LUT4 (Prop_lut4_I2_O)        0.099     1.845 r  u_clkdiv/clk_out_i_1/O
                         net (fo=1, routed)           0.000     1.845    u_clkdiv/clk_out_i_1_n_0
    SLICE_X36Y46         FDCE                                         r  u_clkdiv/clk_out_reg/D
  -------------------------------------------------------------------    -------------------

                         (clock sys_clk_pin rise edge)
                                                      0.000     0.000 r  
    W5                                                0.000     0.000 r  clk_100mhz (IN)
                         net (fo=0)                   0.000     0.000    clk_100mhz
    W5                   IBUF (Prop_ibuf_I_O)         0.414     0.414 r  clk_100mhz_IBUF_inst/O
                         net (fo=1, routed)           0.685     1.099    clk_100mhz_IBUF
    BUFGCTRL_X0Y1        BUFG (Prop_bufg_I_O)         0.029     1.128 r  clk_100mhz_IBUF_BUFG_inst/O
                         net (fo=4, routed)           0.832     1.959    u_clkdiv/CLK
    SLICE_X36Y46         FDCE                                         r  u_clkdiv/clk_out_reg/C
                         clock pessimism             -0.513     1.446    
    SLICE_X36Y46         FDCE (Hold_fdce_C_D)         0.091     1.537    u_clkdiv/clk_out_reg
  -------------------------------------------------------------------
                         required time                         -1.537    
                         arrival time                           1.845    
  -------------------------------------------------------------------
                         slack                                  0.308    

Slack (MET) :             0.308ns  (arrival time - required time)
  Source:                 u_clkdiv/counter_reg[0]/C
                            (rising edge-triggered cell FDCE clocked by sys_clk_pin  {rise@0.000ns fall@5.000ns period=10.000ns})
  Destination:            u_clkdiv/counter_reg[1]/D
                            (rising edge-triggered cell FDCE clocked by sys_clk_pin  {rise@0.000ns fall@5.000ns period=10.000ns})
  Path Group:             sys_clk_pin
  Path Type:              Hold (Min at Fast Process Corner)
  Requirement:            0.000ns  (sys_clk_pin rise@0.000ns - sys_clk_pin rise@0.000ns)
  Data Path Delay:        0.400ns  (logic 0.227ns (56.769%)  route 0.173ns (43.231%))
  Logic Levels:           1  (LUT2=1)
  Clock Path Skew:        0.000ns (DCD - SCD - CPR)
    Destination Clock Delay (DCD):    1.959ns
    Source Clock Delay      (SCD):    1.446ns
    Clock Pessimism Removal (CPR):    0.513ns

    Location             Delay type                Incr(ns)  Path(ns)    Netlist Resource(s)
  -------------------------------------------------------------------    -------------------
                         (clock sys_clk_pin rise edge)
                                                      0.000     0.000 r  
    W5                                                0.000     0.000 r  clk_100mhz (IN)
                         net (fo=0)                   0.000     0.000    clk_100mhz
    W5                   IBUF (Prop_ibuf_I_O)         0.226     0.226 r  clk_100mhz_IBUF_inst/O
                         net (fo=1, routed)           0.631     0.858    clk_100mhz_IBUF
    BUFGCTRL_X0Y1        BUFG (Prop_bufg_I_O)         0.026     0.884 r  clk_100mhz_IBUF_BUFG_inst/O
                         net (fo=4, routed)           0.563     1.446    u_clkdiv/CLK
    SLICE_X36Y46         FDCE                                         r  u_clkdiv/counter_reg[0]/C
  -------------------------------------------------------------------    -------------------
    SLICE_X36Y46         FDCE (Prop_fdce_C_Q)         0.128     1.574 r  u_clkdiv/counter_reg[0]/Q
                         net (fo=4, routed)           0.173     1.747    u_clkdiv/counter[0]
    SLICE_X36Y46         LUT2 (Prop_lut2_I1_O)        0.099     1.846 r  u_clkdiv/counter[1]_i_1/O
                         net (fo=1, routed)           0.000     1.846    u_clkdiv/counter[1]_i_1_n_0
    SLICE_X36Y46         FDCE                                         r  u_clkdiv/counter_reg[1]/D
  -------------------------------------------------------------------    -------------------

                         (clock sys_clk_pin rise edge)
                                                      0.000     0.000 r  
    W5                                                0.000     0.000 r  clk_100mhz (IN)
                         net (fo=0)                   0.000     0.000    clk_100mhz
    W5                   IBUF (Prop_ibuf_I_O)         0.414     0.414 r  clk_100mhz_IBUF_inst/O
                         net (fo=1, routed)           0.685     1.099    clk_100mhz_IBUF
    BUFGCTRL_X0Y1        BUFG (Prop_bufg_I_O)         0.029     1.128 r  clk_100mhz_IBUF_BUFG_inst/O
                         net (fo=4, routed)           0.832     1.959    u_clkdiv/CLK
    SLICE_X36Y46         FDCE                                         r  u_clkdiv/counter_reg[1]/C
                         clock pessimism             -0.513     1.446    
    SLICE_X36Y46         FDCE (Hold_fdce_C_D)         0.092     1.538    u_clkdiv/counter_reg[1]
  -------------------------------------------------------------------
                         required time                         -1.538    
                         arrival time                           1.846    
  -------------------------------------------------------------------
                         slack                                  0.308    





Pulse Width Checks
--------------------------------------------------------------------------------------
Clock Name:         sys_clk_pin
Waveform(ns):       { 0.000 5.000 }
Period(ns):         10.000
Sources:            { clk_100mhz }

Check Type        Corner  Lib Pin  Reference Pin  Required(ns)  Actual(ns)  Slack(ns)  Location       Pin
Min Period        n/a     BUFG/I   n/a            2.155         10.000      7.845      BUFGCTRL_X0Y1  clk_100mhz_IBUF_BUFG_inst/I
Min Period        n/a     FDCE/C   n/a            1.000         10.000      9.000      SLICE_X36Y46   u_clkdiv/clk_out_reg/C
Min Period        n/a     FDCE/C   n/a            1.000         10.000      9.000      SLICE_X36Y46   u_clkdiv/counter_reg[0]/C
Min Period        n/a     FDCE/C   n/a            1.000         10.000      9.000      SLICE_X36Y46   u_clkdiv/counter_reg[1]/C
Min Period        n/a     FDCE/C   n/a            1.000         10.000      9.000      SLICE_X36Y46   u_clkdiv/counter_reg[2]/C
Low Pulse Width   Slow    FDCE/C   n/a            0.500         5.000       4.500      SLICE_X36Y46   u_clkdiv/clk_out_reg/C
Low Pulse Width   Slow    FDCE/C   n/a            0.500         5.000       4.500      SLICE_X36Y46   u_clkdiv/counter_reg[0]/C
Low Pulse Width   Slow    FDCE/C   n/a            0.500         5.000       4.500      SLICE_X36Y46   u_clkdiv/counter_reg[1]/C
Low Pulse Width   Slow    FDCE/C   n/a            0.500         5.000       4.500      SLICE_X36Y46   u_clkdiv/counter_reg[2]/C
Low Pulse Width   Fast    FDCE/C   n/a            0.500         5.000       4.500      SLICE_X36Y46   u_clkdiv/clk_out_reg/C
Low Pulse Width   Fast    FDCE/C   n/a            0.500         5.000       4.500      SLICE_X36Y46   u_clkdiv/counter_reg[0]/C
Low Pulse Width   Fast    FDCE/C   n/a            0.500         5.000       4.500      SLICE_X36Y46   u_clkdiv/counter_reg[1]/C
Low Pulse Width   Fast    FDCE/C   n/a            0.500         5.000       4.500      SLICE_X36Y46   u_clkdiv/counter_reg[2]/C
High Pulse Width  Fast    FDCE/C   n/a            0.500         5.000       4.500      SLICE_X36Y46   u_clkdiv/clk_out_reg/C
High Pulse Width  Fast    FDCE/C   n/a            0.500         5.000       4.500      SLICE_X36Y46   u_clkdiv/counter_reg[0]/C
High Pulse Width  Fast    FDCE/C   n/a            0.500         5.000       4.500      SLICE_X36Y46   u_clkdiv/counter_reg[1]/C
High Pulse Width  Fast    FDCE/C   n/a            0.500         5.000       4.500      SLICE_X36Y46   u_clkdiv/counter_reg[2]/C
High Pulse Width  Slow    FDCE/C   n/a            0.500         5.000       4.500      SLICE_X36Y46   u_clkdiv/clk_out_reg/C
High Pulse Width  Slow    FDCE/C   n/a            0.500         5.000       4.500      SLICE_X36Y46   u_clkdiv/counter_reg[0]/C
High Pulse Width  Slow    FDCE/C   n/a            0.500         5.000       4.500      SLICE_X36Y46   u_clkdiv/counter_reg[1]/C
High Pulse Width  Slow    FDCE/C   n/a            0.500         5.000       4.500      SLICE_X36Y46   u_clkdiv/counter_reg[2]/C



